2014-05-12 13:33:55.862 HelloCordova[5595:70b] Multi-tasking -> Device: YES, App: YES
2014-05-12 13:33:55.915 HelloCordova[5595:70b] Unlimited access to network resources
2014-05-12 13:33:57.367 HelloCordova[5595:70b] CDVPlugin class CDVStatusBar (pluginName: statusbar) does not exist.
2014-05-12 13:33:57.367 HelloCordova[5595:70b] [CDVTimer][statusbar] 0.644982ms
2014-05-12 13:33:57.368 HelloCordova[5595:70b] [CDVTimer][TotalPluginStartup] 1.079977ms
2014-05-12 13:33:57.592 HelloCordova[5595:70b] Resetting plugins due to page load.
2014-05-12 13:33:57.928 HelloCordova[5595:70b] Finished load of: file:///Users/jordan.johnson/Library/Application%20Support/iPhone%20Simulator/7.1/Applications/AD83ABDC-BC74-4B04-801B-10DE4BD60B4F/HelloCordova.app/www/index.html#/app/playlists
2014-05-12 13:34:02.708 HelloCordova[5756:70b] Multi-tasking -> Device: YES, App: YES
2014-05-12 13:34:02.715 HelloCordova[5756:70b] Unlimited access to network resources
2014-05-12 13:34:02.733 HelloCordova[5756:70b] CDVPlugin class CDVStatusBar (pluginName: statusbar) does not exist.
2014-05-12 13:34:02.734 HelloCordova[5756:70b] [CDVTimer][statusbar] 0.451028ms
2014-05-12 13:34:02.734 HelloCordova[5756:70b] [CDVTimer][TotalPluginStartup] 0.870049ms
2014-05-12 13:34:02.778 HelloCordova[5756:70b] Resetting plugins due to page load.
2014-05-12 13:34:02.960 HelloCordova[5756:70b] Finished load of: file:///Users/jordan.johnson/Library/Application%20Support/iPhone%20Simulator/7.1/Applications/AD83ABDC-BC74-4B04-801B-10DE4BD60B4F/HelloCordova.app/www/index.html#/app/playlists
2014-05-12 13:42:44.967 HelloCordova[6013:70b] Multi-tasking -> Device: YES, App: YES
2014-05-12 13:42:44.975 HelloCordova[6013:70b] Unlimited access to network resources
2014-05-12 13:42:44.993 HelloCordova[6013:70b] CDVPlugin class CDVStatusBar (pluginName: statusbar) does not exist.
2014-05-12 13:42:44.994 HelloCordova[6013:70b] [CDVTimer][statusbar] 0.563979ms
2014-05-12 13:42:44.994 HelloCordova[6013:70b] [CDVTimer][TotalPluginStartup] 1.004994ms
2014-05-12 13:42:45.097 HelloCordova[6013:70b] Resetting plugins due to page load.
2014-05-12 13:42:45.300 HelloCordova[6013:70b] Finished load of: file:///Users/jordan.johnson/Library/Application%20Support/iPhone%20Simulator/7.1/Applications/AD83ABDC-BC74-4B04-801B-10DE4BD60B4F/HelloCordova.app/www/index.html#/app/playlists
2014-05-12 14:17:54.379 HelloCordova[6703:70b] Multi-tasking -> Device: YES, App: YES
2014-05-12 14:17:54.387 HelloCordova[6703:70b] Unlimited access to network resources
2014-05-12 14:17:54.411 HelloCordova[6703:70b] CDVPlugin class CDVStatusBar (pluginName: statusbar) does not exist.
2014-05-12 14:17:54.412 HelloCordova[6703:70b] [CDVTimer][statusbar] 0.572979ms
2014-05-12 14:17:54.412 HelloCordova[6703:70b] [CDVTimer][TotalPluginStartup] 1.067042ms
2014-05-12 14:17:54.519 HelloCordova[6703:70b] Resetting plugins due to page load.
2014-05-12 14:17:54.894 HelloCordova[6703:70b] Finished load of: file:///Users/jordan.johnson/Library/Application%20Support/iPhone%20Simulator/7.1/Applications/AD83ABDC-BC74-4B04-801B-10DE4BD60B4F/HelloCordova.app/www/index.html#/app/playlists
Terminating in response to SpringBoard's termination.
2014-05-12 14:18:04.995 HelloCordova[6890:70b] Multi-tasking -> Device: YES, App: YES
2014-05-12 14:18:05.003 HelloCordova[6890:70b] Unlimited access to network resources
2014-05-12 14:18:05.023 HelloCordova[6890:70b] CDVPlugin class CDVStatusBar (pluginName: statusbar) does not exist.
2014-05-12 14:18:05.023 HelloCordova[6890:70b] [CDVTimer][statusbar] 0.620008ms
2014-05-12 14:18:05.024 HelloCordova[6890:70b] [CDVTimer][TotalPluginStartup] 1.376033ms
2014-05-12 14:18:05.132 HelloCordova[6890:70b] Resetting plugins due to page load.
2014-05-12 14:18:05.373 HelloCordova[6890:70b] Finished load of: file:///Users/jordan.johnson/Library/Application%20Support/iPhone%20Simulator/7.1/Applications/AD83ABDC-BC74-4B04-801B-10DE4BD60B4F/HelloCordova.app/www/index.html#/app/playlists
2014-05-12 14:18:57.970 HelloCordova[7058:70b] Multi-tasking -> Device: YES, App: YES
2014-05-12 14:18:57.978 HelloCordova[7058:70b] Unlimited access to network resources
2014-05-12 14:18:57.996 HelloCordova[7058:70b] CDVPlugin class CDVStatusBar (pluginName: statusbar) does not exist.
2014-05-12 14:18:57.997 HelloCordova[7058:70b] [CDVTimer][statusbar] 0.503004ms
2014-05-12 14:18:57.997 HelloCordova[7058:70b] [CDVTimer][TotalPluginStartup] 0.946999ms
2014-05-12 14:18:58.041 HelloCordova[7058:70b] Resetting plugins due to page load.
2014-05-12 14:18:58.231 HelloCordova[7058:70b] Finished load of: file:///Users/jordan.johnson/Library/Application%20Support/iPhone%20Simulator/7.1/Applications/AD83ABDC-BC74-4B04-801B-10DE4BD60B4F/HelloCordova.app/www/index.html#/app/playlists
Terminating in response to SpringBoard's termination.
2014-05-12 14:19:26.480 HelloCordova[7246:70b] Multi-tasking -> Device: YES, App: YES
2014-05-12 14:19:26.488 HelloCordova[7246:70b] Unlimited access to network resources
2014-05-12 14:19:26.506 HelloCordova[7246:70b] CDVPlugin class CDVStatusBar (pluginName: statusbar) does not exist.
2014-05-12 14:19:26.507 HelloCordova[7246:70b] [CDVTimer][statusbar] 0.481009ms
2014-05-12 14:19:26.507 HelloCordova[7246:70b] [CDVTimer][TotalPluginStartup] 0.928998ms
2014-05-12 14:19:26.622 HelloCordova[7246:70b] Resetting plugins due to page load.
2014-05-12 14:19:26.839 HelloCordova[7246:70b] Finished load of: file:///Users/jordan.johnson/Library/Application%20Support/iPhone%20Simulator/7.1/Applications/AD83ABDC-BC74-4B04-801B-10DE4BD60B4F/HelloCordova.app/www/index.html#/app/playlists
2014-05-12 14:20:29.758 HelloCordova[7416:70b] Multi-tasking -> Device: YES, App: YES
2014-05-12 14:20:29.766 HelloCordova[7416:70b] Unlimited access to network resources
2014-05-12 14:20:29.785 HelloCordova[7416:70b] CDVPlugin class CDVStatusBar (pluginName: statusbar) does not exist.
2014-05-12 14:20:29.785 HelloCordova[7416:70b] [CDVTimer][statusbar] 0.459015ms
2014-05-12 14:20:29.786 HelloCordova[7416:70b] [CDVTimer][TotalPluginStartup] 0.943005ms
2014-05-12 14:20:29.830 HelloCordova[7416:70b] Resetting plugins due to page load.
2014-05-12 14:20:30.017 HelloCordova[7416:70b] Finished load of: file:///Users/jordan.johnson/Library/Application%20Support/iPhone%20Simulator/7.1/Applications/AD83ABDC-BC74-4B04-801B-10DE4BD60B4F/HelloCordova.app/www/index.html#/app/playlists
Terminating in response to SpringBoard's termination.
2014-05-12 14:20:40.798 HelloCordova[7607:70b] Multi-tasking -> Device: YES, App: YES
2014-05-12 14:20:40.806 HelloCordova[7607:70b] Unlimited access to network resources
2014-05-12 14:20:40.825 HelloCordova[7607:70b] CDVPlugin class CDVStatusBar (pluginName: statusbar) does not exist.
2014-05-12 14:20:40.826 HelloCordova[7607:70b] [CDVTimer][statusbar] 0.526965ms
2014-05-12 14:20:40.826 HelloCordova[7607:70b] [CDVTimer][TotalPluginStartup] 1.003981ms
2014-05-12 14:20:40.946 HelloCordova[7607:70b] Resetting plugins due to page load.
2014-05-12 14:20:41.149 HelloCordova[7607:70b] Finished load of: file:///Users/jordan.johnson/Library/Application%20Support/iPhone%20Simulator/7.1/Applications/AD83ABDC-BC74-4B04-801B-10DE4BD60B4F/HelloCordova.app/www/index.html#/app/playlists
2014-05-12 14:25:23.676 HelloCordova[7798:70b] Multi-tasking -> Device: YES, App: YES
2014-05-12 14:25:23.684 HelloCordova[7798:70b] Unlimited access to network resources
2014-05-12 14:25:23.702 HelloCordova[7798:70b] CDVPlugin class CDVStatusBar (pluginName: statusbar) does not exist.
2014-05-12 14:25:23.702 HelloCordova[7798:70b] [CDVTimer][statusbar] 0.604987ms
2014-05-12 14:25:23.702 HelloCordova[7798:70b] [CDVTimer][TotalPluginStartup] 1.029015ms
2014-05-12 14:25:23.746 HelloCordova[7798:70b] Resetting plugins due to page load.
2014-05-12 14:25:23.929 HelloCordova[7798:70b] Finished load of: file:///Users/jordan.johnson/Library/Application%20Support/iPhone%20Simulator/7.1/Applications/AD83ABDC-BC74-4B04-801B-10DE4BD60B4F/HelloCordova.app/www/index.html#/app/playlists
Terminating in response to SpringBoard's termination.
2014-05-12 14:25:41.299 HelloCordova[7989:70b] Multi-tasking -> Device: YES, App: YES
2014-05-12 14:25:41.309 HelloCordova[7989:70b] Unlimited access to network resources
2014-05-12 14:25:41.328 HelloCordova[7989:70b] CDVPlugin class CDVStatusBar (pluginName: statusbar) does not exist.
2014-05-12 14:25:41.329 HelloCordova[7989:70b] [CDVTimer][statusbar] 0.549972ms
2014-05-12 14:25:41.329 HelloCordova[7989:70b] [CDVTimer][TotalPluginStartup] 1.004040ms
2014-05-12 14:25:41.437 HelloCordova[7989:70b] Resetting plugins due to page load.
2014-05-12 14:25:41.644 HelloCordova[7989:70b] Finished load of: file:///Users/jordan.johnson/Library/Application%20Support/iPhone%20Simulator/7.1/Applications/AD83ABDC-BC74-4B04-801B-10DE4BD60B4F/HelloCordova.app/www/index.html#/app/playlists
Terminating in response to SpringBoard's termination.
2014-05-12 14:27:55.510 HelloCordova[8386:70b] Multi-tasking -> Device: YES, App: YES
2014-05-12 14:27:55.518 HelloCordova[8386:70b] Unlimited access to network resources
2014-05-12 14:27:55.536 HelloCordova[8386:70b] CDVPlugin class CDVStatusBar (pluginName: statusbar) does not exist.
2014-05-12 14:27:55.537 HelloCordova[8386:70b] [CDVTimer][statusbar] 0.473976ms
2014-05-12 14:27:55.537 HelloCordova[8386:70b] [CDVTimer][TotalPluginStartup] 0.930011ms
2014-05-12 14:27:55.639 HelloCordova[8386:70b] Resetting plugins due to page load.
2014-05-12 14:27:55.852 HelloCordova[8386:70b] Finished load of: file:///Users/jordan.johnson/Library/Application%20Support/iPhone%20Simulator/7.1/Applications/AD83ABDC-BC74-4B04-801B-10DE4BD60B4F/HelloCordova.app/www/index.html#/app/playlists
Terminating in response to SpringBoard's termination.
2014-05-12 14:29:19.588 HelloCordova[8588:70b] Multi-tasking -> Device: YES, App: YES
2014-05-12 14:29:19.596 HelloCordova[8588:70b] Unlimited access to network resources
2014-05-12 14:29:19.614 HelloCordova[8588:70b] CDVPlugin class CDVStatusBar (pluginName: statusbar) does not exist.
2014-05-12 14:29:19.615 HelloCordova[8588:70b] [CDVTimer][statusbar] 0.513017ms
2014-05-12 14:29:19.615 HelloCordova[8588:70b] [CDVTimer][TotalPluginStartup] 0.944018ms
2014-05-12 14:29:19.720 HelloCordova[8588:70b] Resetting plugins due to page load.
2014-05-12 14:29:19.922 HelloCordova[8588:70b] Finished load of: file:///Users/jordan.johnson/Library/Application%20Support/iPhone%20Simulator/7.1/Applications/AD83ABDC-BC74-4B04-801B-10DE4BD60B4F/HelloCordova.app/www/index.html#/app/playlists
Terminating in response to SpringBoard's termination.
2014-05-12 14:30:01.370 HelloCordova[8790:70b] Multi-tasking -> Device: YES, App: YES
2014-05-12 14:30:01.378 HelloCordova[8790:70b] Unlimited access to network resources
2014-05-12 14:30:01.396 HelloCordova[8790:70b] CDVPlugin class CDVStatusBar (pluginName: statusbar) does not exist.
2014-05-12 14:30:01.396 HelloCordova[8790:70b] [CDVTimer][statusbar] 0.458002ms
2014-05-12 14:30:01.396 HelloCordova[8790:70b] [CDVTimer][TotalPluginStartup] 0.882030ms
2014-05-12 14:30:01.499 HelloCordova[8790:70b] Resetting plugins due to page load.
2014-05-12 14:30:01.712 HelloCordova[8790:70b] Finished load of: file:///Users/jordan.johnson/Library/Application%20Support/iPhone%20Simulator/7.1/Applications/AD83ABDC-BC74-4B04-801B-10DE4BD60B4F/HelloCordova.app/www/index.html#/app/playlists
Terminating in response to SpringBoard's termination.
2014-05-12 14:30:48.653 HelloCordova[8979:70b] Multi-tasking -> Device: YES, App: YES
2014-05-12 14:30:48.663 HelloCordova[8979:70b] Unlimited access to network resources
2014-05-12 14:30:48.682 HelloCordova[8979:70b] CDVPlugin class CDVStatusBar (pluginName: statusbar) does not exist.
2014-05-12 14:30:48.682 HelloCordova[8979:70b] [CDVTimer][statusbar] 0.536025ms
2014-05-12 14:30:48.683 HelloCordova[8979:70b] [CDVTimer][TotalPluginStartup] 1.071990ms
2014-05-12 14:30:48.784 HelloCordova[8979:70b] Resetting plugins due to page load.
2014-05-12 14:30:48.991 HelloCordova[8979:70b] Finished load of: file:///Users/jordan.johnson/Library/Application%20Support/iPhone%20Simulator/7.1/Applications/AD83ABDC-BC74-4B04-801B-10DE4BD60B4F/HelloCordova.app/www/index.html#/app/playlists
2014-05-12 14:32:31.587 HelloCordova[9190:70b] Multi-tasking -> Device: YES, App: YES
2014-05-12 14:32:31.595 HelloCordova[9190:70b] Unlimited access to network resources
2014-05-12 14:32:31.613 HelloCordova[9190:70b] CDVPlugin class CDVStatusBar (pluginName: statusbar) does not exist.
2014-05-12 14:32:31.614 HelloCordova[9190:70b] [CDVTimer][statusbar] 0.526011ms
2014-05-12 14:32:31.614 HelloCordova[9190:70b] [CDVTimer][TotalPluginStartup] 0.974953ms
2014-05-12 14:32:31.715 HelloCordova[9190:70b] Resetting plugins due to page load.
2014-05-12 14:32:31.932 HelloCordova[9190:70b] Finished load of: file:///Users/jordan.johnson/Library/Application%20Support/iPhone%20Simulator/7.1/Applications/AD83ABDC-BC74-4B04-801B-10DE4BD60B4F/HelloCordova.app/www/index.html#/app/playlists
Terminating in response to SpringBoard's termination.
2014-05-12 14:34:49.033 HelloCordova[9398:70b] Multi-tasking -> Device: YES, App: YES
2014-05-12 14:34:49.041 HelloCordova[9398:70b] Unlimited access to network resources
2014-05-12 14:34:49.059 HelloCordova[9398:70b] CDVPlugin class CDVStatusBar (pluginName: statusbar) does not exist.
2014-05-12 14:34:49.059 HelloCordova[9398:70b] [CDVTimer][statusbar] 0.465035ms
2014-05-12 14:34:49.060 HelloCordova[9398:70b] [CDVTimer][TotalPluginStartup] 0.921011ms
2014-05-12 14:34:49.164 HelloCordova[9398:70b] Resetting plugins due to page load.
2014-05-12 14:34:49.368 HelloCordova[9398:70b] Finished load of: file:///Users/jordan.johnson/Library/Application%20Support/iPhone%20Simulator/7.1/Applications/AD83ABDC-BC74-4B04-801B-10DE4BD60B4F/HelloCordova.app/www/index.html#/app/playlists
Terminating in response to SpringBoard's termination.
2014-05-12 14:36:33.589 HelloCordova[9606:70b] Multi-tasking -> Device: YES, App: YES
2014-05-12 14:36:33.597 HelloCordova[9606:70b] Unlimited access to network resources
2014-05-12 14:36:33.617 HelloCordova[9606:70b] CDVPlugin class CDVStatusBar (pluginName: statusbar) does not exist.
2014-05-12 14:36:33.617 HelloCordova[9606:70b] [CDVTimer][statusbar] 0.751972ms
2014-05-12 14:36:33.618 HelloCordova[9606:70b] [CDVTimer][TotalPluginStartup] 1.438022ms
2014-05-12 14:36:33.736 HelloCordova[9606:70b] Resetting plugins due to page load.
2014-05-12 14:36:33.937 HelloCordova[9606:70b] Finished load of: file:///Users/jordan.johnson/Library/Application%20Support/iPhone%20Simulator/7.1/Applications/AD83ABDC-BC74-4B04-801B-10DE4BD60B4F/HelloCordova.app/www/index.html#/app/playlists
Terminating in response to SpringBoard's termination.
2014-05-12 14:37:58.458 HelloCordova[9817:70b] Multi-tasking -> Device: YES, App: YES
2014-05-12 14:37:58.466 HelloCordova[9817:70b] Unlimited access to network resources
2014-05-12 14:37:58.484 HelloCordova[9817:70b] CDVPlugin class CDVStatusBar (pluginName: statusbar) does not exist.
2014-05-12 14:37:58.485 HelloCordova[9817:70b] [CDVTimer][statusbar] 0.562966ms
2014-05-12 14:37:58.485 HelloCordova[9817:70b] [CDVTimer][TotalPluginStartup] 0.975966ms
2014-05-12 14:37:58.587 HelloCordova[9817:70b] Resetting plugins due to page load.
2014-05-12 14:37:58.802 HelloCordova[9817:70b] Finished load of: file:///Users/jordan.johnson/Library/Application%20Support/iPhone%20Simulator/7.1/Applications/AD83ABDC-BC74-4B04-801B-10DE4BD60B4F/HelloCordova.app/www/index.html#/app/playlists
Terminating in response to SpringBoard's termination.
2014-05-12 14:38:22.265 HelloCordova[10011:70b] Multi-tasking -> Device: YES, App: YES
2014-05-12 14:38:22.273 HelloCordova[10011:70b] Unlimited access to network resources
2014-05-12 14:38:22.291 HelloCordova[10011:70b] CDVPlugin class CDVStatusBar (pluginName: statusbar) does not exist.
2014-05-12 14:38:22.292 HelloCordova[10011:70b] [CDVTimer][statusbar] 0.537992ms
2014-05-12 14:38:22.292 HelloCordova[10011:70b] [CDVTimer][TotalPluginStartup] 1.012981ms
2014-05-12 14:38:22.393 HelloCordova[10011:70b] Resetting plugins due to page load.
2014-05-12 14:38:22.691 HelloCordova[10011:70b] Finished load of: file:///Users/jordan.johnson/Library/Application%20Support/iPhone%20Simulator/7.1/Applications/AD83ABDC-BC74-4B04-801B-10DE4BD60B4F/HelloCordova.app/www/index.html#/app/playlists
Terminating in response to SpringBoard's termination.
2014-05-12 14:39:17.654 HelloCordova[10205:70b] Multi-tasking -> Device: YES, App: YES
2014-05-12 14:39:17.661 HelloCordova[10205:70b] Unlimited access to network resources
2014-05-12 14:39:17.679 HelloCordova[10205:70b] CDVPlugin class CDVStatusBar (pluginName: statusbar) does not exist.
2014-05-12 14:39:17.680 HelloCordova[10205:70b] [CDVTimer][statusbar] 0.501990ms
2014-05-12 14:39:17.680 HelloCordova[10205:70b] [CDVTimer][TotalPluginStartup] 0.940979ms
2014-05-12 14:39:17.782 HelloCordova[10205:70b] Resetting plugins due to page load.
2014-05-12 14:39:18.052 HelloCordova[10205:70b] Finished load of: file:///Users/jordan.johnson/Library/Application%20Support/iPhone%20Simulator/7.1/Applications/AD83ABDC-BC74-4B04-801B-10DE4BD60B4F/HelloCordova.app/www/index.html#/app/playlists
2014-05-12 14:41:31.483 HelloCordova[10406:70b] Multi-tasking -> Device: YES, App: YES
2014-05-12 14:41:31.491 HelloCordova[10406:70b] Unlimited access to network resources
2014-05-12 14:41:31.511 HelloCordova[10406:70b] CDVPlugin class CDVStatusBar (pluginName: statusbar) does not exist.
2014-05-12 14:41:31.511 HelloCordova[10406:70b] [CDVTimer][statusbar] 0.683963ms
2014-05-12 14:41:31.512 HelloCordova[10406:70b] [CDVTimer][TotalPluginStartup] 1.128972ms
2014-05-12 14:41:31.616 HelloCordova[10406:70b] Resetting plugins due to page load.
2014-05-12 14:41:31.891 HelloCordova[10406:70b] Finished load of: file:///Users/jordan.johnson/Library/Application%20Support/iPhone%20Simulator/7.1/Applications/AD83ABDC-BC74-4B04-801B-10DE4BD60B4F/HelloCordova.app/www/index.html#/app/playlists
Terminating in response to SpringBoard's termination.
2014-05-12 14:44:12.184 HelloCordova[10626:70b] Multi-tasking -> Device: YES, App: YES
2014-05-12 14:44:12.194 HelloCordova[10626:70b] Unlimited access to network resources
2014-05-12 14:44:12.213 HelloCordova[10626:70b] CDVPlugin class CDVStatusBar (pluginName: statusbar) does not exist.
2014-05-12 14:44:12.214 HelloCordova[10626:70b] [CDVTimer][statusbar] 0.504971ms
2014-05-12 14:44:12.214 HelloCordova[10626:70b] [CDVTimer][TotalPluginStartup] 0.988960ms
2014-05-12 14:44:12.339 HelloCordova[10626:70b] Resetting plugins due to page load.
2014-05-12 14:44:12.592 HelloCordova[10626:70b] Finished load of: file:///Users/jordan.johnson/Library/Application%20Support/iPhone%20Simulator/7.1/Applications/AD83ABDC-BC74-4B04-801B-10DE4BD60B4F/HelloCordova.app/www/index.html#/app/playlists
Terminating in response to SpringBoard's termination.
2014-05-12 15:22:27.132 HelloCordova[11274:70b] Multi-tasking -> Device: YES, App: YES
2014-05-12 15:22:27.141 HelloCordova[11274:70b] Unlimited access to network resources
2014-05-12 15:22:27.185 HelloCordova[11274:70b] CDVPlugin class CDVStatusBar (pluginName: statusbar) does not exist.
2014-05-12 15:22:27.186 HelloCordova[11274:70b] [CDVTimer][statusbar] 0.562012ms
2014-05-12 15:22:27.186 HelloCordova[11274:70b] [CDVTimer][TotalPluginStartup] 1.044989ms
2014-05-12 15:22:27.297 HelloCordova[11274:70b] Resetting plugins due to page load.
2014-05-12 15:22:27.731 HelloCordova[11274:70b] Finished load of: file:///Users/jordan.johnson/Library/Application%20Support/iPhone%20Simulator/7.1/Applications/AD83ABDC-BC74-4B04-801B-10DE4BD60B4F/HelloCordova.app/www/index.html#/app/playlists
Terminating in response to SpringBoard's termination.
2014-05-12 15:23:14.032 HelloCordova[11468:70b] Multi-tasking -> Device: YES, App: YES
2014-05-12 15:23:14.040 HelloCordova[11468:70b] Unlimited access to network resources
2014-05-12 15:23:14.058 HelloCordova[11468:70b] CDVPlugin class CDVStatusBar (pluginName: statusbar) does not exist.
2014-05-12 15:23:14.058 HelloCordova[11468:70b] [CDVTimer][statusbar] 0.461996ms
2014-05-12 15:23:14.059 HelloCordova[11468:70b] [CDVTimer][TotalPluginStartup] 0.905991ms
2014-05-12 15:23:14.161 HelloCordova[11468:70b] Resetting plugins due to page load.
2014-05-12 15:23:14.419 HelloCordova[11468:70b] Finished load of: file:///Users/jordan.johnson/Library/Application%20Support/iPhone%20Simulator/7.1/Applications/AD83ABDC-BC74-4B04-801B-10DE4BD60B4F/HelloCordova.app/www/index.html#/app/playlists
Terminating in response to SpringBoard's termination.
2014-05-12 15:28:26.660 HelloCordova[11836:70b] Multi-tasking -> Device: YES, App: YES
2014-05-12 15:28:26.669 HelloCordova[11836:70b] Unlimited access to network resources
2014-05-12 15:28:26.689 HelloCordova[11836:70b] CDVPlugin class CDVStatusBar (pluginName: statusbar) does not exist.
2014-05-12 15:28:26.689 HelloCordova[11836:70b] [CDVTimer][statusbar] 0.522971ms
2014-05-12 15:28:26.690 HelloCordova[11836:70b] [CDVTimer][TotalPluginStartup] 0.958025ms
2014-05-12 15:28:26.805 HelloCordova[11836:70b] Resetting plugins due to page load.
2014-05-12 15:28:26.968 HelloCordova[11836:70b] Finished load of: file:///Users/jordan.johnson/Library/Application%20Support/iPhone%20Simulator/7.1/Applications/AD83ABDC-BC74-4B04-801B-10DE4BD60B4F/HelloCordova.app/www/index.html#/app/people
Terminating in response to SpringBoard's termination.
2014-05-12 15:34:31.941 HelloCordova[12214:70b] Multi-tasking -> Device: YES, App: YES
2014-05-12 15:34:31.949 HelloCordova[12214:70b] Unlimited access to network resources
2014-05-12 15:34:31.969 HelloCordova[12214:70b] CDVPlugin class CDVStatusBar (pluginName: statusbar) does not exist.
2014-05-12 15:34:31.969 HelloCordova[12214:70b] [CDVTimer][statusbar] 0.671983ms
2014-05-12 15:34:31.970 HelloCordova[12214:70b] [CDVTimer][TotalPluginStartup] 1.316965ms
2014-05-12 15:34:32.075 HelloCordova[12214:70b] Resetting plugins due to page load.
2014-05-12 15:34:32.239 HelloCordova[12214:70b] Finished load of: file:///Users/jordan.johnson/Library/Application%20Support/iPhone%20Simulator/7.1/Applications/AD83ABDC-BC74-4B04-801B-10DE4BD60B4F/HelloCordova.app/www/index.html#/app/playlists
Terminating in response to SpringBoard's termination.
2014-05-12 15:35:35.562 HelloCordova[12546:70b] Multi-tasking -> Device: YES, App: YES
2014-05-12 15:35:35.570 HelloCordova[12546:70b] Unlimited access to network resources
2014-05-12 15:35:35.588 HelloCordova[12546:70b] CDVPlugin class CDVStatusBar (pluginName: statusbar) does not exist.
2014-05-12 15:35:35.588 HelloCordova[12546:70b] [CDVTimer][statusbar] 0.479996ms
2014-05-12 15:35:35.589 HelloCordova[12546:70b] [CDVTimer][TotalPluginStartup] 0.913024ms
2014-05-12 15:35:35.692 HelloCordova[12546:70b] Resetting plugins due to page load.
2014-05-12 15:35:35.857 HelloCordova[12546:70b] Finished load of: file:///Users/jordan.johnson/Library/Application%20Support/iPhone%20Simulator/7.1/Applications/AD83ABDC-BC74-4B04-801B-10DE4BD60B4F/HelloCordova.app/www/index.html#/app/playlists
Terminating in response to SpringBoard's termination.
2014-05-12 15:36:39.202 HelloCordova[12874:70b] Multi-tasking -> Device: YES, App: YES
2014-05-12 15:36:39.210 HelloCordova[12874:70b] Unlimited access to network resources
2014-05-12 15:36:39.229 HelloCordova[12874:70b] CDVPlugin class CDVStatusBar (pluginName: statusbar) does not exist.
2014-05-12 15:36:39.229 HelloCordova[12874:70b] [CDVTimer][statusbar] 0.491977ms
2014-05-12 15:36:39.230 HelloCordova[12874:70b] [CDVTimer][TotalPluginStartup] 0.955999ms
2014-05-12 15:36:39.332 HelloCordova[12874:70b] Resetting plugins due to page load.
2014-05-12 15:36:39.541 HelloCordova[12874:70b] Finished load of: file:///Users/jordan.johnson/Library/Application%20Support/iPhone%20Simulator/7.1/Applications/AD83ABDC-BC74-4B04-801B-10DE4BD60B4F/HelloCordova.app/www/index.html#/app/people
Terminating in response to SpringBoard's termination.
2014-05-12 15:37:44.168 HelloCordova[13206:70b] Multi-tasking -> Device: YES, App: YES
2014-05-12 15:37:44.179 HelloCordova[13206:70b] Unlimited access to network resources
2014-05-12 15:37:44.199 HelloCordova[13206:70b] CDVPlugin class CDVStatusBar (pluginName: statusbar) does not exist.
2014-05-12 15:37:44.200 HelloCordova[13206:70b] [CDVTimer][statusbar] 0.523031ms
2014-05-12 15:37:44.200 HelloCordova[13206:70b] [CDVTimer][TotalPluginStartup] 1.003027ms
2014-05-12 15:37:44.325 HelloCordova[13206:70b] Resetting plugins due to page load.
2014-05-12 15:37:44.526 HelloCordova[13206:70b] Finished load of: file:///Users/jordan.johnson/Library/Application%20Support/iPhone%20Simulator/7.1/Applications/AD83ABDC-BC74-4B04-801B-10DE4BD60B4F/HelloCordova.app/www/index.html#/app/people
Terminating in response to SpringBoard's termination.
2014-05-12 15:38:38.533 HelloCordova[13533:70b] Multi-tasking -> Device: YES, App: YES
2014-05-12 15:38:38.541 HelloCordova[13533:70b] Unlimited access to network resources
2014-05-12 15:38:38.559 HelloCordova[13533:70b] CDVPlugin class CDVStatusBar (pluginName: statusbar) does not exist.
2014-05-12 15:38:38.560 HelloCordova[13533:70b] [CDVTimer][statusbar] 0.542998ms
2014-05-12 15:38:38.560 HelloCordova[13533:70b] [CDVTimer][TotalPluginStartup] 0.974000ms
2014-05-12 15:38:38.661 HelloCordova[13533:70b] Resetting plugins due to page load.
2014-05-12 15:38:38.859 HelloCordova[13533:70b] Finished load of: file:///Users/jordan.johnson/Library/Application%20Support/iPhone%20Simulator/7.1/Applications/AD83ABDC-BC74-4B04-801B-10DE4BD60B4F/HelloCordova.app/www/index.html#/app/people
Terminating in response to SpringBoard's termination.
2014-05-12 15:40:06.878 HelloCordova[13870:70b] Multi-tasking -> Device: YES, App: YES
2014-05-12 15:40:06.890 HelloCordova[13870:70b] Unlimited access to network resources
2014-05-12 15:40:06.913 HelloCordova[13870:70b] CDVPlugin class CDVStatusBar (pluginName: statusbar) does not exist.
2014-05-12 15:40:06.913 HelloCordova[13870:70b] [CDVTimer][statusbar] 0.618994ms
2014-05-12 15:40:06.914 HelloCordova[13870:70b] [CDVTimer][TotalPluginStartup] 1.183033ms
2014-05-12 15:40:07.034 HelloCordova[13870:70b] Resetting plugins due to page load.
2014-05-12 15:40:07.231 HelloCordova[13870:70b] Finished load of: file:///Users/jordan.johnson/Library/Application%20Support/iPhone%20Simulator/7.1/Applications/AD83ABDC-BC74-4B04-801B-10DE4BD60B4F/HelloCordova.app/www/index.html#/app/people
Terminating in response to SpringBoard's termination.
2014-05-12 15:43:05.619 HelloCordova[14225:70b] Multi-tasking -> Device: YES, App: YES
2014-05-12 15:43:05.627 HelloCordova[14225:70b] Unlimited access to network resources
2014-05-12 15:43:05.645 HelloCordova[14225:70b] CDVPlugin class CDVStatusBar (pluginName: statusbar) does not exist.
2014-05-12 15:43:05.646 HelloCordova[14225:70b] [CDVTimer][statusbar] 0.603020ms
2014-05-12 15:43:05.646 HelloCordova[14225:70b] [CDVTimer][TotalPluginStartup] 1.073003ms
2014-05-12 15:43:05.749 HelloCordova[14225:70b] Resetting plugins due to page load.
2014-05-12 15:43:05.940 HelloCordova[14225:70b] Finished load of: file:///Users/jordan.johnson/Library/Application%20Support/iPhone%20Simulator/7.1/Applications/AD83ABDC-BC74-4B04-801B-10DE4BD60B4F/HelloCordova.app/www/index.html#/app/people
Terminating in response to SpringBoard's termination.
2014-05-12 15:45:07.197 HelloCordova[14566:70b] Multi-tasking -> Device: YES, App: YES
2014-05-12 15:45:07.205 HelloCordova[14566:70b] Unlimited access to network resources
2014-05-12 15:45:07.223 HelloCordova[14566:70b] CDVPlugin class CDVStatusBar (pluginName: statusbar) does not exist.
2014-05-12 15:45:07.223 HelloCordova[14566:70b] [CDVTimer][statusbar] 0.481009ms
2014-05-12 15:45:07.224 HelloCordova[14566:70b] [CDVTimer][TotalPluginStartup] 0.916004ms
2014-05-12 15:45:07.326 HelloCordova[14566:70b] Resetting plugins due to page load.
2014-05-12 15:45:07.687 HelloCordova[14566:70b] Finished load of: file:///Users/jordan.johnson/Library/Application%20Support/iPhone%20Simulator/7.1/Applications/AD83ABDC-BC74-4B04-801B-10DE4BD60B4F/HelloCordova.app/www/index.html#/app/playlists
Terminating in response to SpringBoard's termination.
2014-05-12 15:46:12.891 HelloCordova[14893:70b] Multi-tasking -> Device: YES, App: YES
2014-05-12 15:46:12.899 HelloCordova[14893:70b] Unlimited access to network resources
2014-05-12 15:46:12.919 HelloCordova[14893:70b] CDVPlugin class CDVStatusBar (pluginName: statusbar) does not exist.
2014-05-12 15:46:12.919 HelloCordova[14893:70b] [CDVTimer][statusbar] 0.553012ms
2014-05-12 15:46:12.920 HelloCordova[14893:70b] [CDVTimer][TotalPluginStartup] 1.062036ms
2014-05-12 15:46:13.055 HelloCordova[14893:70b] Resetting plugins due to page load.
2014-05-12 15:46:13.339 HelloCordova[14893:70b] Finished load of: file:///Users/jordan.johnson/Library/Application%20Support/iPhone%20Simulator/7.1/Applications/AD83ABDC-BC74-4B04-801B-10DE4BD60B4F/HelloCordova.app/www/index.html#/app/playlists
Terminating in response to SpringBoard's termination.
2014-05-12 15:47:24.526 HelloCordova[15233:70b] Multi-tasking -> Device: YES, App: YES
2014-05-12 15:47:24.536 HelloCordova[15233:70b] Unlimited access to network resources
2014-05-12 15:47:24.557 HelloCordova[15233:70b] CDVPlugin class CDVStatusBar (pluginName: statusbar) does not exist.
2014-05-12 15:47:24.557 HelloCordova[15233:70b] [CDVTimer][statusbar] 0.667036ms
2014-05-12 15:47:24.558 HelloCordova[15233:70b] [CDVTimer][TotalPluginStartup] 1.203001ms
2014-05-12 15:47:24.663 HelloCordova[15233:70b] Resetting plugins due to page load.
2014-05-12 15:47:25.051 HelloCordova[15233:70b] Finished load of: file:///Users/jordan.johnson/Library/Application%20Support/iPhone%20Simulator/7.1/Applications/AD83ABDC-BC74-4B04-801B-10DE4BD60B4F/HelloCordova.app/www/index.html#/app/playlists
Terminating in response to SpringBoard's termination.
2014-05-12 15:48:51.602 HelloCordova[15572:70b] Multi-tasking -> Device: YES, App: YES
2014-05-12 15:48:51.610 HelloCordova[15572:70b] Unlimited access to network resources
2014-05-12 15:48:51.627 HelloCordova[15572:70b] CDVPlugin class CDVStatusBar (pluginName: statusbar) does not exist.
2014-05-12 15:48:51.628 HelloCordova[15572:70b] [CDVTimer][statusbar] 0.510037ms
2014-05-12 15:48:51.628 HelloCordova[15572:70b] [CDVTimer][TotalPluginStartup] 0.975013ms
2014-05-12 15:48:51.731 HelloCordova[15572:70b] Resetting plugins due to page load.
2014-05-12 15:48:51.999 HelloCordova[15572:70b] Finished load of: file:///Users/jordan.johnson/Library/Application%20Support/iPhone%20Simulator/7.1/Applications/AD83ABDC-BC74-4B04-801B-10DE4BD60B4F/HelloCordova.app/www/index.html#/app/playlists
2014-05-12 15:49:52.733 HelloCordova[15896:70b] Multi-tasking -> Device: YES, App: YES
2014-05-12 15:49:52.741 HelloCordova[15896:70b] Unlimited access to network resources
2014-05-12 15:49:52.760 HelloCordova[15896:70b] CDVPlugin class CDVStatusBar (pluginName: statusbar) does not exist.
2014-05-12 15:49:52.760 HelloCordova[15896:70b] [CDVTimer][statusbar] 0.549972ms
2014-05-12 15:49:52.761 HelloCordova[15896:70b] [CDVTimer][TotalPluginStartup] 1.039982ms
2014-05-12 15:49:52.887 HelloCordova[15896:70b] Resetting plugins due to page load.
2014-05-12 15:49:53.266 HelloCordova[15896:70b] Finished load of: file:///Users/jordan.johnson/Library/Application%20Support/iPhone%20Simulator/7.1/Applications/AD83ABDC-BC74-4B04-801B-10DE4BD60B4F/HelloCordova.app/www/index.html#/app/playlists
Terminating in response to SpringBoard's termination.
2014-05-12 15:50:48.326 HelloCordova[16222:70b] Multi-tasking -> Device: YES, App: YES
2014-05-12 15:50:48.334 HelloCordova[16222:70b] Unlimited access to network resources
2014-05-12 15:50:48.352 HelloCordova[16222:70b] CDVPlugin class CDVStatusBar (pluginName: statusbar) does not exist.
2014-05-12 15:50:48.352 HelloCordova[16222:70b] [CDVTimer][statusbar] 0.469983ms
2014-05-12 15:50:48.352 HelloCordova[16222:70b] [CDVTimer][TotalPluginStartup] 0.896990ms
2014-05-12 15:50:48.456 HelloCordova[16222:70b] Resetting plugins due to page load.
2014-05-12 15:50:48.722 HelloCordova[16222:70b] Finished load of: file:///Users/jordan.johnson/Library/Application%20Support/iPhone%20Simulator/7.1/Applications/AD83ABDC-BC74-4B04-801B-10DE4BD60B4F/HelloCordova.app/www/index.html#/app/playlists
Terminating in response to SpringBoard's termination.
2014-05-12 15:53:53.074 HelloCordova[16587:70b] Multi-tasking -> Device: YES, App: YES
2014-05-12 15:53:53.082 HelloCordova[16587:70b] Unlimited access to network resources
2014-05-12 15:53:53.101 HelloCordova[16587:70b] CDVPlugin class CDVStatusBar (pluginName: statusbar) does not exist.
2014-05-12 15:53:53.101 HelloCordova[16587:70b] [CDVTimer][statusbar] 0.527978ms
2014-05-12 15:53:53.102 HelloCordova[16587:70b] [CDVTimer][TotalPluginStartup] 0.984013ms
2014-05-12 15:53:53.216 HelloCordova[16587:70b] Resetting plugins due to page load.
2014-05-12 15:53:53.507 HelloCordova[16587:70b] Finished load of: file:///Users/jordan.johnson/Library/Application%20Support/iPhone%20Simulator/7.1/Applications/AD83ABDC-BC74-4B04-801B-10DE4BD60B4F/HelloCordova.app/www/index.html#/app/playlists
Terminating in response to SpringBoard's termination.
2014-05-12 15:54:25.148 HelloCordova[16918:70b] Multi-tasking -> Device: YES, App: YES
2014-05-12 15:54:25.156 HelloCordova[16918:70b] Unlimited access to network resources
2014-05-12 15:54:25.174 HelloCordova[16918:70b] CDVPlugin class CDVStatusBar (pluginName: statusbar) does not exist.
2014-05-12 15:54:25.174 HelloCordova[16918:70b] [CDVTimer][statusbar] 0.548005ms
2014-05-12 15:54:25.175 HelloCordova[16918:70b] [CDVTimer][TotalPluginStartup] 0.957966ms
2014-05-12 15:54:25.278 HelloCordova[16918:70b] Resetting plugins due to page load.
2014-05-12 15:54:25.533 HelloCordova[16918:70b] Finished load of: file:///Users/jordan.johnson/Library/Application%20Support/iPhone%20Simulator/7.1/Applications/AD83ABDC-BC74-4B04-801B-10DE4BD60B4F/HelloCordova.app/www/index.html#/app/playlists
Terminating in response to SpringBoard's termination.
2014-05-12 15:55:37.333 HelloCordova[17250:70b] Multi-tasking -> Device: YES, App: YES
2014-05-12 15:55:37.341 HelloCordova[17250:70b] Unlimited access to network resources
2014-05-12 15:55:37.359 HelloCordova[17250:70b] CDVPlugin class CDVStatusBar (pluginName: statusbar) does not exist.
2014-05-12 15:55:37.360 HelloCordova[17250:70b] [CDVTimer][statusbar] 0.468969ms
2014-05-12 15:55:37.360 HelloCordova[17250:70b] [CDVTimer][TotalPluginStartup] 0.931978ms
2014-05-12 15:55:37.465 HelloCordova[17250:70b] Resetting plugins due to page load.
2014-05-12 15:55:37.709 HelloCordova[17250:70b] Finished load of: file:///Users/jordan.johnson/Library/Application%20Support/iPhone%20Simulator/7.1/Applications/AD83ABDC-BC74-4B04-801B-10DE4BD60B4F/HelloCordova.app/www/index.html#/app/playlists
Terminating in response to SpringBoard's termination.
2014-05-12 15:59:22.819 HelloCordova[17594:70b] Multi-tasking -> Device: YES, App: YES
2014-05-12 15:59:22.827 HelloCordova[17594:70b] Unlimited access to network resources
2014-05-12 15:59:22.846 HelloCordova[17594:70b] CDVPlugin class CDVStatusBar (pluginName: statusbar) does not exist.
2014-05-12 15:59:22.847 HelloCordova[17594:70b] [CDVTimer][statusbar] 0.548005ms
2014-05-12 15:59:22.847 HelloCordova[17594:70b] [CDVTimer][TotalPluginStartup] 1.188993ms
2014-05-12 15:59:22.962 HelloCordova[17594:70b] Resetting plugins due to page load.
2014-05-12 15:59:23.202 HelloCordova[17594:70b] Finished load of: file:///Users/jordan.johnson/Library/Application%20Support/iPhone%20Simulator/7.1/Applications/AD83ABDC-BC74-4B04-801B-10DE4BD60B4F/HelloCordova.app/www/index.html#/app/playlists
Terminating in response to SpringBoard's termination.
2014-05-12 16:00:15.825 HelloCordova[18240:70b] Multi-tasking -> Device: YES, App: YES
2014-05-12 16:00:15.833 HelloCordova[18240:70b] Unlimited access to network resources
2014-05-12 16:00:15.852 HelloCordova[18240:70b] CDVPlugin class CDVStatusBar (pluginName: statusbar) does not exist.
2014-05-12 16:00:15.852 HelloCordova[18240:70b] [CDVTimer][statusbar] 0.535965ms
2014-05-12 16:00:15.852 HelloCordova[18240:70b] [CDVTimer][TotalPluginStartup] 0.999033ms
2014-05-12 16:00:15.978 HelloCordova[18240:70b] Resetting plugins due to page load.
2014-05-12 16:00:16.356 HelloCordova[18240:70b] Finished load of: file:///Users/jordan.johnson/Library/Application%20Support/iPhone%20Simulator/7.1/Applications/AD83ABDC-BC74-4B04-801B-10DE4BD60B4F/HelloCordova.app/www/index.html#/app/playlists
Terminating in response to SpringBoard's termination.
2014-05-12 16:00:44.047 HelloCordova[18567:70b] Multi-tasking -> Device: YES, App: YES
2014-05-12 16:00:44.055 HelloCordova[18567:70b] Unlimited access to network resources
2014-05-12 16:00:44.073 HelloCordova[18567:70b] CDVPlugin class CDVStatusBar (pluginName: statusbar) does not exist.
2014-05-12 16:00:44.074 HelloCordova[18567:70b] [CDVTimer][statusbar] 0.532985ms
2014-05-12 16:00:44.074 HelloCordova[18567:70b] [CDVTimer][TotalPluginStartup] 0.999033ms
2014-05-12 16:00:44.176 HelloCordova[18567:70b] Resetting plugins due to page load.
2014-05-12 16:00:44.535 HelloCordova[18567:70b] Finished load of: file:///Users/jordan.johnson/Library/Application%20Support/iPhone%20Simulator/7.1/Applications/AD83ABDC-BC74-4B04-801B-10DE4BD60B4F/HelloCordova.app/www/index.html#/app/playlists
Terminating in response to SpringBoard's termination.
2014-05-12 16:03:50.921 HelloCordova[18971:70b] Multi-tasking -> Device: YES, App: YES
2014-05-12 16:03:50.929 HelloCordova[18971:70b] Unlimited access to network resources
2014-05-12 16:03:50.947 HelloCordova[18971:70b] CDVPlugin class CDVStatusBar (pluginName: statusbar) does not exist.
2014-05-12 16:03:50.948 HelloCordova[18971:70b] [CDVTimer][statusbar] 0.480950ms
2014-05-12 16:03:50.948 HelloCordova[18971:70b] [CDVTimer][TotalPluginStartup] 0.961006ms
2014-05-12 16:03:51.053 HelloCordova[18971:70b] Resetting plugins due to page load.
2014-05-12 16:03:51.312 HelloCordova[18971:70b] Finished load of: file:///Users/jordan.johnson/Library/Application%20Support/iPhone%20Simulator/7.1/Applications/AD83ABDC-BC74-4B04-801B-10DE4BD60B4F/HelloCordova.app/www/index.html#/app/People
Terminating in response to SpringBoard's termination.
2014-05-12 16:06:15.636 HelloCordova[19318:70b] Multi-tasking -> Device: YES, App: YES
2014-05-12 16:06:15.645 HelloCordova[19318:70b] Unlimited access to network resources
2014-05-12 16:06:15.665 HelloCordova[19318:70b] CDVPlugin class CDVStatusBar (pluginName: statusbar) does not exist.
2014-05-12 16:06:15.666 HelloCordova[19318:70b] [CDVTimer][statusbar] 0.771999ms
2014-05-12 16:06:15.666 HelloCordova[19318:70b] [CDVTimer][TotalPluginStartup] 1.552999ms
2014-05-12 16:06:15.784 HelloCordova[19318:70b] Resetting plugins due to page load.
2014-05-12 16:06:16.116 HelloCordova[19318:70b] Finished load of: file:///Users/jordan.johnson/Library/Application%20Support/iPhone%20Simulator/7.1/Applications/AD83ABDC-BC74-4B04-801B-10DE4BD60B4F/HelloCordova.app/www/index.html#/app/People
Terminating in response to SpringBoard's termination.
2014-05-12 16:07:17.592 HelloCordova[19653:70b] Multi-tasking -> Device: YES, App: YES
2014-05-12 16:07:17.600 HelloCordova[19653:70b] Unlimited access to network resources
2014-05-12 16:07:17.620 HelloCordova[19653:70b] CDVPlugin class CDVStatusBar (pluginName: statusbar) does not exist.
2014-05-12 16:07:17.621 HelloCordova[19653:70b] [CDVTimer][statusbar] 0.571012ms
2014-05-12 16:07:17.621 HelloCordova[19653:70b] [CDVTimer][TotalPluginStartup] 1.028001ms
2014-05-12 16:07:17.721 HelloCordova[19653:70b] Resetting plugins due to page load.
2014-05-12 16:07:17.980 HelloCordova[19653:70b] Finished load of: file:///Users/jordan.johnson/Library/Application%20Support/iPhone%20Simulator/7.1/Applications/AD83ABDC-BC74-4B04-801B-10DE4BD60B4F/HelloCordova.app/www/index.html#/app/People
